<?xml version="1.0" encoding="UTF-8"?>
<testng-results skipped="0" failed="0" ignored="0" total="1" passed="1">
  <reporter-output>
  </reporter-output>
  <suite name="Default suite" duration-ms="13639" started-at="2019-07-12T05:59:38Z" finished-at="2019-07-12T05:59:51Z">
    <groups>
      <group name="cucumber">
        <method signature="AbstractTestNGCucumberTests.runScenario(io.cucumber.testng.PickleEventWrapper, io.cucumber.testng.CucumberFeatureWrapper)[pri:0, instance:com.qa.TestRunner.TestRunner_BasicCourse@271053e1]" name="runScenario" class="io.cucumber.testng.AbstractTestNGCucumberTests"/>
      </group> <!-- cucumber -->
    </groups>
    <test name="Default test" duration-ms="13639" started-at="2019-07-12T05:59:38Z" finished-at="2019-07-12T05:59:51Z">
      <class name="com.qa.TestRunner.TestRunner_BasicCourse">
        <test-method status="PASS" signature="setUpClass()[pri:0, instance:com.qa.TestRunner.TestRunner_BasicCourse@271053e1]" name="setUpClass" is-config="true" duration-ms="47" started-at="2019-07-12T05:59:38Z" finished-at="2019-07-12T05:59:38Z">
          <reporter-output>
          </reporter-output>
        </test-method> <!-- setUpClass -->
        <test-method status="PASS" signature="runScenario(io.cucumber.testng.PickleEventWrapper, io.cucumber.testng.CucumberFeatureWrapper)[pri:0, instance:com.qa.TestRunner.TestRunner_BasicCourse@271053e1]" name="runScenario" duration-ms="13489" started-at="2019-07-12T05:59:38Z" description="Runs Cucumber Scenarios" data-provider="scenarios" finished-at="2019-07-12T05:59:51Z">
          <params>
            <param index="0">
              <value>
                <![CDATA["Verification of Basic Course"]]>
              </value>
            </param>
            <param index="1">
              <value>
                <![CDATA["Basic Course Fuctionality"]]>
              </value>
            </param>
          </params>
          <reporter-output>
          </reporter-output>
        </test-method> <!-- runScenario -->
        <test-method status="PASS" signature="tearDownClass()[pri:0, instance:com.qa.TestRunner.TestRunner_BasicCourse@271053e1]" name="tearDownClass" is-config="true" duration-ms="2" started-at="2019-07-12T05:59:51Z" finished-at="2019-07-12T05:59:51Z">
          <reporter-output>
          </reporter-output>
        </test-method> <!-- tearDownClass -->
      </class> <!-- com.qa.TestRunner.TestRunner_BasicCourse -->
    </test> <!-- Default test -->
  </suite> <!-- Default suite -->
</testng-results>
